c:\users\dell\source\repos\project8\project8\x64\debug\vc143.pdb
c:\users\dell\source\repos\project8\project8\x64\debug\.netframework,version=v4.7.2.assemblyattributes.obj
c:\users\dell\source\repos\project8\project8\x64\debug\myform.obj
c:\users\dell\source\repos\project8\project8\x64\debug\treenodee.obj
c:\users\dell\source\repos\project8\project8\x64\debug\binarytree.obj
c:\users\dell\source\repos\project8\x64\debug\project8.exe
c:\users\dell\source\repos\project8\x64\debug\project8.pdb
c:\users\dell\source\repos\project8\project8\x64\debug\project8.myform.resources
c:\users\dell\source\repos\project8\project8\x64\debug\project8.myform1.resources
c:\users\dell\source\repos\project8\project8\x64\debug\myform1.obj
c:\users\dell\source\repos\project8\project8\x64\debug\treenode.obj
c:\users\dell\source\repos\project8\project8\x64\debug\project8.tlog\cl.command.1.tlog
c:\users\dell\source\repos\project8\project8\x64\debug\project8.tlog\cl.read.1.tlog
c:\users\dell\source\repos\project8\project8\x64\debug\project8.tlog\cl.write.1.tlog
c:\users\dell\source\repos\project8\project8\x64\debug\project8.tlog\link.command.1.tlog
c:\users\dell\source\repos\project8\project8\x64\debug\project8.tlog\link.read.1.tlog
c:\users\dell\source\repos\project8\project8\x64\debug\project8.tlog\link.write.1.tlog
c:\users\dell\source\repos\project8\project8\x64\debug\project8.tlog\metagen.read.1.tlog
c:\users\dell\source\repos\project8\project8\x64\debug\project8.tlog\metagen.write.1.tlog
c:\users\dell\source\repos\project8\project8\x64\debug\project8.tlog\project8.write.1u.tlog
